\BOOKMARK [0][-]{chapter.1}{\376\377\000P\000e\000r\000f\000i\000l\000\040\000d\000e\000\040\000P\000r\000o\000y\000e\000c\000t\000o}{}% 1
\BOOKMARK [1][-]{section.1.1}{\376\377\000I\000d\000e\000n\000t\000i\000f\000i\000c\000a\000c\000i\000\363\000n\000\040\000y\000\040\000A\000n\000\341\000l\000i\000s\000i\000s\000\040\000d\000e\000l\000\040\000P\000r\000o\000b\000l\000e\000m\000a}{chapter.1}% 2
\BOOKMARK [2][-]{subsection.1.1.1}{\376\377\000D\000e\000s\000c\000r\000i\000p\000c\000i\000\363\000n\000\040\000d\000e\000l\000\040\000P\000r\000o\000b\000l\000e\000m\000a}{section.1.1}% 3
\BOOKMARK [2][-]{subsection.1.1.2}{\376\377\000C\000a\000u\000s\000a\000s\000\040\000d\000e\000l\000\040\000P\000r\000o\000b\000l\000e\000m\000a}{section.1.1}% 4
\BOOKMARK [1][-]{section.1.2}{\376\377\000O\000b\000j\000e\000t\000i\000v\000o\000s\000\040\000d\000e\000l\000\040\000P\000r\000o\000y\000e\000c\000t\000o}{chapter.1}% 5
\BOOKMARK [2][-]{subsection.1.2.1}{\376\377\000O\000b\000j\000e\000t\000i\000v\000o\000\040\000G\000e\000n\000e\000r\000a\000l}{section.1.2}% 6
\BOOKMARK [2][-]{subsection.1.2.2}{\376\377\000O\000b\000j\000e\000t\000i\000v\000o\000s\000\040\000E\000s\000p\000e\000c\000\355\000f\000i\000c\000o\000s}{section.1.2}% 7
\BOOKMARK [1][-]{section.1.3}{\376\377\000N\000e\000c\000e\000s\000i\000d\000a\000d\000e\000s\000\040\000T\000e\000c\000n\000o\000l\000\363\000g\000i\000c\000a\000s}{chapter.1}% 8
\BOOKMARK [2][-]{subsection.1.3.1}{\376\377\000M\000a\000p\000a\000\040\000M\000e\000n\000t\000a\000l}{section.1.3}% 9
\BOOKMARK [1][-]{section.1.4}{\376\377\000E\000v\000a\000l\000u\000a\000c\000i\000\363\000n\000\040\000d\000e\000\040\000C\000o\000n\000d\000i\000c\000i\000o\000n\000e\000s\000\040\000y\000\040\000N\000e\000c\000e\000s\000i\000d\000a\000d\000e\000s\000\040\000d\000e\000l\000\040\000P\000r\000o\000y\000e\000c\000t\000o}{chapter.1}% 10
\BOOKMARK [2][-]{subsection.1.4.1}{\376\377\000T\000\351\000c\000n\000i\000c\000a\000s\000\040\000p\000a\000r\000a\000\040\000i\000d\000e\000n\000t\000i\000f\000i\000c\000a\000r\000\040\000p\000r\000o\000b\000l\000e\000m\000a\000s}{section.1.4}% 11
\BOOKMARK [2][-]{subsection.1.4.2}{\376\377\000M\000\351\000t\000o\000d\000o\000\040\000D\000e\000l\000p\000h\000i}{section.1.4}% 12
\BOOKMARK [1][-]{section.1.5}{\376\377\000V\000i\000s\000i\000\363\000n\000\040\000d\000e\000l\000\040\000P\000r\000o\000y\000e\000c\000t\000o}{chapter.1}% 13
\BOOKMARK [1][-]{section.1.6}{\376\377\000A\000l\000c\000a\000n\000c\000e\000\040\000d\000e\000l\000\040\000P\000r\000o\000y\000e\000c\000t\000o}{chapter.1}% 14
\BOOKMARK [1][-]{section.1.7}{\376\377\000P\000\372\000b\000l\000i\000c\000o\000\040\000O\000b\000j\000e\000t\000i\000v\000o}{chapter.1}% 15
\BOOKMARK [1][-]{section.1.8}{\376\377\000R\000e\000c\000u\000r\000s\000o\000s\000\040\000D\000i\000s\000p\000o\000n\000i\000b\000l\000e\000s}{chapter.1}% 16
\BOOKMARK [2][-]{subsection.1.8.1}{\376\377\000R\000e\000c\000u\000r\000s\000o\000s\000\040\000H\000u\000m\000a\000n\000o\000s}{section.1.8}% 17
\BOOKMARK [2][-]{subsection.1.8.2}{\376\377\000R\000e\000c\000u\000r\000s\000o\000s\000\040\000M\000a\000t\000e\000r\000i\000a\000l\000e\000s\000\040\000y\000\040\000T\000e\000c\000n\000o\000l\000\363\000g\000i\000c\000o\000s}{section.1.8}% 18
\BOOKMARK [2][-]{subsection.1.8.3}{\376\377\000S\000e\000r\000v\000i\000c\000i\000o\000s\000\040\000y\000\040\000C\000a\000p\000a\000c\000i\000t\000a\000c\000i\000\363\000n}{section.1.8}% 19
\BOOKMARK [0][-]{chapter.2}{\376\377\000P\000l\000a\000n\000e\000a\000c\000i\000\363\000n\000\040\000d\000e\000l\000\040\000P\000r\000o\000y\000e\000c\000t\000o}{}% 20
\BOOKMARK [1][-]{section.2.1}{\376\377\000R\000o\000l\000e\000s\000\040\000P\000r\000i\000n\000c\000i\000p\000a\000l\000e\000s}{chapter.2}% 21
\BOOKMARK [1][-]{section.2.2}{\376\377\000D\000i\000a\000g\000r\000a\000m\000a\000\040\000d\000e\000\040\000G\000a\000n\000t\000t}{chapter.2}% 22
\BOOKMARK [1][-]{section.2.3}{\376\377\000R\000u\000t\000a\000\040\000C\000r\000\355\000t\000i\000c\000a\000\040\000d\000e\000l\000\040\000P\000r\000o\000y\000e\000c\000t\000o}{chapter.2}% 23
\BOOKMARK [2][-]{subsection.2.3.1}{\376\377\000T\000a\000b\000l\000a\000\040\000d\000e\000\040\000A\000c\000t\000i\000v\000i\000d\000a\000d\000e\000s\000\040\000d\000e\000l\000\040\000P\000r\000o\000y\000e\000c\000t\000o}{section.2.3}% 24
\BOOKMARK [2][-]{subsection.2.3.2}{\376\377\000C\000\341\000l\000c\000u\000l\000o\000s\000\040\000d\000e\000\040\000E\000S\000\040\000y\000\040\000E\000F\000\040\000\050\000P\000a\000s\000o\000\040\000H\000a\000c\000i\000a\000\040\000A\000d\000e\000l\000a\000n\000t\000e\000\051}{section.2.3}% 25
\BOOKMARK [2][-]{subsection.2.3.3}{\376\377\000C\000\341\000l\000c\000u\000l\000o\000s\000\040\000d\000e\000\040\000L\000S\000\040\000y\000\040\000L\000F\000\040\000\050\000P\000a\000s\000o\000\040\000H\000a\000c\000i\000a\000\040\000A\000t\000r\000\341\000s\000\051}{section.2.3}% 26
\BOOKMARK [2][-]{subsection.2.3.4}{\376\377\000C\000\341\000l\000c\000u\000l\000o\000\040\000d\000e\000\040\000H\000o\000l\000g\000u\000r\000a\000\040\000y\000\040\000R\000u\000t\000a\000\040\000C\000r\000\355\000t\000i\000c\000a}{section.2.3}% 27
\BOOKMARK [2][-]{subsection.2.3.5}{\376\377\000D\000i\000a\000g\000r\000a\000m\000a\000\040\000d\000e\000\040\000R\000e\000d}{section.2.3}% 28
\BOOKMARK [1][-]{section.2.4}{\376\377\000E\000s\000t\000i\000m\000a\000c\000i\000\363\000n\000\040\000C\000o\000s\000t\000o\000\040\000I\000n\000i\000c\000i\000a\000l}{chapter.2}% 29
\BOOKMARK [2][-]{subsection.2.4.1}{\376\377\000T\000a\000b\000l\000a\000\040\000d\000e\000\040\000C\000o\000s\000t\000o\000s\000\040\000E\000s\000t\000i\000m\000a\000d\000o\000s}{section.2.4}% 30
\BOOKMARK [2][-]{subsection.2.4.2}{\376\377\000F\000\363\000r\000m\000u\000l\000a\000\040\000d\000e\000\040\000C\000o\000n\000t\000i\000n\000g\000e\000n\000c\000i\000a}{section.2.4}% 31
\BOOKMARK [1][-]{section.2.5}{\376\377\000A\000n\000\341\000l\000i\000s\000i\000s\000\040\000d\000e\000\040\000C\000o\000s\000t\000o\000s\000\040\000y\000\040\000E\000s\000f\000u\000e\000r\000z\000o\000\040\000\050\000M\000\351\000t\000o\000d\000o\000\040\000C\000O\000C\000O\000M\000O\000\051}{chapter.2}% 32
\BOOKMARK [2][-]{subsection.2.5.1}{\376\377\000E\000s\000t\000i\000m\000a\000c\000i\000\363\000n\000\040\000d\000e\000l\000\040\000T\000a\000m\000a\000\361\000o\000\040\000d\000e\000l\000\040\000S\000o\000f\000t\000w\000a\000r\000e\000\040\000\050\000K\000L\000O\000C\000\051}{section.2.5}% 33
\BOOKMARK [2][-]{subsection.2.5.2}{\376\377\000C\000\341\000l\000c\000u\000l\000o\000\040\000d\000e\000l\000\040\000E\000s\000f\000u\000e\000r\000z\000o\000\040\000y\000\040\000T\000i\000e\000m\000p\000o\000\040\000d\000e\000l\000\040\000P\000r\000o\000y\000e\000c\000t\000o}{section.2.5}% 34
\BOOKMARK [3][-]{subsubsection.2.5.2.1}{\376\377\000F\000a\000c\000t\000o\000r\000e\000s\000\040\000d\000e\000\040\000C\000o\000s\000t\000o\000\040\000\050\000E\000A\000F\000\040\000-\000\040\000E\000f\000f\000o\000r\000t\000\040\000A\000d\000j\000u\000s\000t\000m\000e\000n\000t\000\040\000F\000a\000c\000t\000o\000r\000\051}{subsection.2.5.2}% 35
\BOOKMARK [0][-]{chapter.3}{\376\377\000R\000e\000q\000u\000e\000r\000i\000m\000i\000e\000n\000t\000o\000s\000\040\000y\000\040\000N\000o\000r\000m\000a\000t\000i\000v\000a\000s}{}% 36
\BOOKMARK [1][-]{section.3.1}{\376\377\000R\000e\000q\000u\000e\000r\000i\000m\000i\000e\000n\000t\000o\000s\000\040\000F\000u\000n\000c\000i\000o\000n\000a\000l\000e\000s}{chapter.3}% 37
\BOOKMARK [1][-]{section.3.2}{\376\377\000N\000e\000c\000e\000s\000i\000d\000a\000d\000e\000s\000\040\000d\000e\000\040\000U\000s\000u\000a\000r\000i\000o}{chapter.3}% 38
\BOOKMARK [1][-]{section.3.3}{\376\377\000N\000o\000r\000m\000a\000t\000i\000v\000a\000s}{chapter.3}% 39
\BOOKMARK [0][-]{chapter.4}{\376\377\000D\000i\000s\000e\000\361\000o\000\040\000d\000e\000\040\000l\000a\000\040\000U\000I}{}% 40
\BOOKMARK [1][-]{section.4.1}{\376\377\000L\000o\000g\000o\000\040\000E\000m\000p\000r\000e\000s\000a\000r\000i\000a\000l}{chapter.4}% 41
\BOOKMARK [1][-]{section.4.2}{\376\377\000L\000o\000g\000o\000\040\000A\000p\000l\000i\000c\000a\000c\000i\000\363\000n}{chapter.4}% 42
\BOOKMARK [1][-]{section.4.3}{\376\377\000W\000i\000r\000e\000f\000r\000a\000m\000e\000s}{chapter.4}% 43
\BOOKMARK [2][-]{subsection.4.3.1}{\376\377\000\040\000P\000a\000n\000t\000a\000l\000l\000a\000\040\000P\000r\000i\000n\000c\000i\000p\000a\000l\000\040\000d\000e\000\040\000S\000e\000l\000e\000c\000c\000i\000\363\000n\000\040\000d\000e\000\040\000R\000o\000l}{section.4.3}% 44
\BOOKMARK [2][-]{subsection.4.3.2}{\376\377\000\040\000P\000a\000n\000t\000a\000l\000l\000a\000\040\000d\000e\000\040\000I\000n\000i\000c\000i\000o\000\040\000d\000e\000\040\000S\000e\000s\000i\000\363\000n\000\040\000\050\000E\000s\000t\000u\000d\000i\000a\000n\000t\000e\000\051}{section.4.3}% 45
\BOOKMARK [2][-]{subsection.4.3.3}{\376\377\000\040\000P\000a\000n\000e\000l\000\040\000d\000e\000l\000\040\000A\000l\000u\000m\000n\000o}{section.4.3}% 46
\BOOKMARK [2][-]{subsection.4.3.4}{\376\377\000\040\000P\000a\000n\000t\000a\000l\000l\000a\000\040\000d\000e\000\040\000I\000n\000i\000c\000i\000o\000\040\000d\000e\000\040\000S\000e\000s\000i\000\363\000n\000\040\000\050\000D\000o\000c\000e\000n\000t\000e\000\051}{section.4.3}% 47
\BOOKMARK [2][-]{subsection.4.3.5}{\376\377\000\040\000P\000a\000n\000e\000l\000\040\000d\000e\000l\000\040\000D\000o\000c\000e\000n\000t\000e\000\040\000\050\000P\000a\000s\000e\000\040\000d\000e\000\040\000L\000i\000s\000t\000a\000\051}{section.4.3}% 48
\BOOKMARK [2][-]{subsection.4.3.6}{\376\377\000\040\000P\000a\000n\000t\000a\000l\000l\000a\000\040\000d\000e\000\040\000I\000n\000i\000c\000i\000o\000\040\000d\000e\000\040\000S\000e\000s\000i\000\363\000n\000\040\000\050\000P\000a\000d\000r\000e\000s\000\040\000d\000e\000\040\000F\000a\000m\000i\000l\000i\000a\000\051}{section.4.3}% 49
\BOOKMARK [2][-]{subsection.4.3.7}{\376\377\000\040\000P\000a\000n\000e\000l\000\040\000d\000e\000\040\000P\000a\000d\000r\000e\000s\000\040\000d\000e\000\040\000F\000a\000m\000i\000l\000i\000a}{section.4.3}% 50
\BOOKMARK [2][-]{subsection.4.3.8}{\376\377\000\040\000P\000a\000n\000t\000a\000l\000l\000a\000\040\000d\000e\000\040\000C\000a\000r\000g\000a}{section.4.3}% 51
\BOOKMARK [1][-]{section.4.4}{\376\377\000M\000o\000c\000k\000u\000p\000s}{chapter.4}% 52
\BOOKMARK [2][-]{subsection.4.4.1}{\376\377\000\040\000P\000a\000n\000t\000a\000l\000l\000a\000\040\000P\000r\000i\000n\000c\000i\000p\000a\000l\000\040\000d\000e\000\040\000S\000e\000l\000e\000c\000c\000i\000\363\000n\000\040\000d\000e\000\040\000R\000o\000l}{section.4.4}% 53
\BOOKMARK [2][-]{subsection.4.4.2}{\376\377\000\040\000P\000a\000n\000t\000a\000l\000l\000a\000s\000\040\000d\000e\000\040\000I\000n\000i\000c\000i\000o\000\040\000d\000e\000\040\000S\000e\000s\000i\000\363\000n}{section.4.4}% 54
\BOOKMARK [2][-]{subsection.4.4.3}{\376\377\000\040\000F\000l\000u\000j\000o\000\040\000d\000e\000l\000\040\000E\000s\000t\000u\000d\000i\000a\000n\000t\000e}{section.4.4}% 55
\BOOKMARK [2][-]{subsection.4.4.4}{\376\377\000\040\000F\000l\000u\000j\000o\000\040\000d\000e\000l\000\040\000D\000o\000c\000e\000n\000t\000e}{section.4.4}% 56
\BOOKMARK [2][-]{subsection.4.4.5}{\376\377\000\040\000F\000l\000u\000j\000o\000\040\000d\000e\000\040\000P\000a\000d\000r\000e\000s\000\040\000d\000e\000\040\000F\000a\000m\000i\000l\000i\000a}{section.4.4}% 57
\BOOKMARK [2][-]{subsection.4.4.6}{\376\377\000\040\000P\000a\000n\000t\000a\000l\000l\000a\000\040\000d\000e\000\040\000C\000a\000r\000g\000a}{section.4.4}% 58
\BOOKMARK [1][-]{section.4.5}{\376\377\000M\000a\000p\000a\000\040\000d\000e\000\040\000N\000a\000v\000e\000g\000a\000c\000i\000\363\000n}{chapter.4}% 59
\BOOKMARK [0][-]{chapter.5}{\376\377\000P\000r\000u\000e\000b\000a\000s}{}% 60
\BOOKMARK [1][-]{section.5.1}{\376\377\000P\000r\000u\000e\000b\000a\000s\000\040\000d\000e\000\040\000U\000s\000a\000b\000i\000l\000i\000d\000a\000d}{chapter.5}% 61
\BOOKMARK [2][-]{subsection.5.1.1}{\376\377\000P\000l\000a\000n\000\040\000d\000e\000\040\000p\000r\000u\000e\000b\000a\000s}{section.5.1}% 62
\BOOKMARK [3][-]{subsubsection.5.1.1.1}{\376\377\000A\000l\000c\000a\000n\000c\000e\000\040\000d\000e\000\040\000p\000r\000u\000e\000b\000a\000s}{subsection.5.1.1}% 63
\BOOKMARK [3][-]{subsubsection.5.1.1.2}{\376\377\000O\000b\000j\000e\000t\000i\000v\000o\000s\000\040\000d\000e\000\040\000P\000r\000u\000e\000b\000a\000s}{subsection.5.1.1}% 64
\BOOKMARK [3][-]{subsubsection.5.1.1.3}{\376\377\000E\000n\000t\000o\000r\000n\000o\000\040\000d\000e\000\040\000p\000r\000u\000e\000b\000a\000s}{subsection.5.1.1}% 65
\BOOKMARK [3][-]{subsubsection.5.1.1.4}{\376\377\000R\000e\000s\000u\000l\000t\000a\000d\000o\000s\000\040\000y\000/\000o\000\040\000H\000a\000l\000l\000a\000z\000g\000o\000s}{subsection.5.1.1}% 66
\BOOKMARK [3][-]{subsubsection.5.1.1.5}{\376\377\000C\000o\000n\000c\000l\000u\000s\000i\000\363\000n\000\040\000F\000i\000n\000a\000l}{subsection.5.1.1}% 67
\BOOKMARK [1][-]{section.5.2}{\376\377\000P\000r\000u\000e\000b\000a\000s\000\040\000d\000e\000\040\000P\000r\000o\000y\000e\000c\000t\000o}{chapter.5}% 68
\BOOKMARK [2][-]{subsection.5.2.1}{\376\377\000F\000o\000c\000u\000s\000\040\000G\000r\000o\000u\000p\000\040\000c\000o\000n\000\040\000E\000s\000p\000e\000c\000i\000a\000l\000i\000s\000t\000a\000s}{section.5.2}% 69
\BOOKMARK [3][-]{subsubsection.5.2.1.1}{\376\377\000D\000e\000f\000i\000n\000i\000c\000i\000\363\000n}{subsection.5.2.1}% 70
\BOOKMARK [3][-]{subsubsection.5.2.1.2}{\376\377\000O\000b\000j\000e\000t\000i\000v\000o}{subsection.5.2.1}% 71
\BOOKMARK [3][-]{subsubsection.5.2.1.3}{\376\377\000V\000e\000n\000t\000a\000j\000a\000s}{subsection.5.2.1}% 72
\BOOKMARK [2][-]{subsection.5.2.2}{\376\377\000A\000d\000a\000p\000t\000a\000c\000i\000\363\000n\000\040\000d\000e\000\040\000I\000n\000n\000o\000v\000a\000c\000i\000o\000n\000e\000s}{section.5.2}% 73
\BOOKMARK [3][-]{subsubsection.5.2.2.1}{\376\377\000D\000e\000f\000i\000n\000i\000c\000i\000\363\000n}{subsection.5.2.2}% 74
\BOOKMARK [3][-]{subsubsection.5.2.2.2}{\376\377\000O\000b\000j\000e\000t\000i\000v\000o}{subsection.5.2.2}% 75
\BOOKMARK [3][-]{subsubsection.5.2.2.3}{\376\377\000V\000e\000n\000t\000a\000j\000a\000s}{subsection.5.2.2}% 76
